<?xml version="1.0" encoding="UTF-8"?>
<!-- Generated by org.testng.reporters.JUnitXMLReporter -->
<testsuite ignored="0" hostname="DESKTOP-BH3MCQC" failures="1" tests="4" name="Test" time="9.664" errors="0" timestamp="2025-02-16T10:56:11 IST">
  <testcase classname="TestCases.UserTest_viaProperties" name="testPostUser" time="4.084"/>
  <testcase classname="TestCases.UserTest_viaProperties" name="testGetUserByName" time="1.331">
    <failure type="java.lang.AssertionError" message="expected [200] but found [405]">
      <![CDATA[java.lang.AssertionError: expected [200] but found [405]
at TestCases.UserTest_viaProperties.testGetUserByName(UserTest_viaProperties.java:65)
at java.base/java.util.ArrayList.forEach(ArrayList.java:1597)
... Removed 31 stack frames]]>
    </failure>
  </testcase> <!-- testGetUserByName -->
  <testcase classname="TestCases.UserTest_viaProperties" name="testUpdateUserByName" time="1.217"/>
  <testcase classname="TestCases.UserTest_viaProperties" name="testDeleteUserByName" time="1.312"/>
</testsuite> <!-- Test -->
